[2019-02-09 14:06:27.033] [renderer1] [error] Inotify limit reached (ENOSPC)
[2019-02-09 14:06:54.465] [renderer1] [info] no standard startup: not just one text editor
[2019-02-09 14:07:56.013] [renderer1] [error] An unknown error occurred. Please consult the log for more details.
[2019-02-09 14:46:09.746] [renderer1] [error] TypeScript Server Error (3.3.1)
Error processing request. Cannot read property 'emitNode' of undefined
TypeError: Cannot read property 'emitNode' of undefined
    at Object.getStartsOnNewLine (tsserver.js:62171:29)
    at shouldWriteSeparatingLineTerminator (tsserver.js:84959:27)
    at emitNodeList (tsserver.js:84745:29)
    at emitList (tsserver.js:84644:13)
    at Object.writeList (tsserver.js:82316:13)
    at tsserver.js:104760:29
    at Object.mapToDisplayParts (tsserver.js:94770:13)
    at itemInfoForParameters (tsserver.js:104757:41)
    at getSignatureHelpItem (tsserver.js:104723:95)
    at tsserver.js:104696:79
    at Array.map (<anonymous>)
    at createSignatureHelpItems (tsserver.js:104696:36)
    at tsserver.js:104301:23
    at Object.runWithCancellationToken (tsserver.js:31173:28)
    at Object.getSignatureHelpItems (tsserver.js:104299:32)
    at Object.getSignatureHelpItems (tsserver.js:118630:37)
    at IOSession.Session.getSignatureHelpItems (tsserver.js:126686:62)
    at Session.handlers.ts.createMapFromTemplate._a.(anonymous function) (tsserver.js:125640:61)
    at tsserver.js:127107:88
    at IOSession.Session.executeWithRequestId (tsserver.js:127098:28)
    at IOSession.Session.executeCommand (tsserver.js:127107:33)
    at IOSession.Session.onMessage (tsserver.js:127129:35)
    at Interface.<anonymous> (tsserver.js:128390:27)
    at Interface.emit (events.js:182:13)
    at Interface._onLine (readline.js:290:10)
    at Interface._normalWrite (readline.js:433:12)
    at Socket.ondata (readline.js:149:10)
    at Socket.emit (events.js:182:13)
    at addChunk (_stream_readable.js:279:12)
    at readableAddChunk (_stream_readable.js:264:11)
    at Socket.Readable.push (_stream_readable.js:219:10)
    at Pipe.onread (net.js:636:20): Error: TypeScript Server Error (3.3.1)
Error processing request. Cannot read property 'emitNode' of undefined
TypeError: Cannot read property 'emitNode' of undefined
    at Object.getStartsOnNewLine (tsserver.js:62171:29)
    at shouldWriteSeparatingLineTerminator (tsserver.js:84959:27)
    at emitNodeList (tsserver.js:84745:29)
    at emitList (tsserver.js:84644:13)
    at Object.writeList (tsserver.js:82316:13)
    at tsserver.js:104760:29
    at Object.mapToDisplayParts (tsserver.js:94770:13)
    at itemInfoForParameters (tsserver.js:104757:41)
    at getSignatureHelpItem (tsserver.js:104723:95)
    at tsserver.js:104696:79
    at Array.map (<anonymous>)
    at createSignatureHelpItems (tsserver.js:104696:36)
    at tsserver.js:104301:23
    at Object.runWithCancellationToken (tsserver.js:31173:28)
    at Object.getSignatureHelpItems (tsserver.js:104299:32)
    at Object.getSignatureHelpItems (tsserver.js:118630:37)
    at IOSession.Session.getSignatureHelpItems (tsserver.js:126686:62)
    at Session.handlers.ts.createMapFromTemplate._a.(anonymous function) (tsserver.js:125640:61)
    at tsserver.js:127107:88
    at IOSession.Session.executeWithRequestId (tsserver.js:127098:28)
    at IOSession.Session.executeCommand (tsserver.js:127107:33)
    at IOSession.Session.onMessage (tsserver.js:127129:35)
    at Interface.<anonymous> (tsserver.js:128390:27)
    at Interface.emit (events.js:182:13)
    at Interface._onLine (readline.js:290:10)
    at Interface._normalWrite (readline.js:433:12)
    at Socket.ondata (readline.js:149:10)
    at Socket.emit (events.js:182:13)
    at addChunk (_stream_readable.js:279:12)
    at readableAddChunk (_stream_readable.js:264:11)
    at Socket.Readable.push (_stream_readable.js:219:10)
    at Pipe.onread (net.js:636:20)
	at v.dispatchResponse (/snap/vscode/77/usr/share/code/resources/app/extensions/typescript-language-features/dist/extension.js:1:178103)
	at v.dispatchMessage (/snap/vscode/77/usr/share/code/resources/app/extensions/typescript-language-features/dist/extension.js:1:176857)
	at constructor._reader.onData.e (/snap/vscode/77/usr/share/code/resources/app/extensions/typescript-language-features/dist/extension.js:1:176213)
	at e.fire (/snap/vscode/77/usr/share/code/resources/app/out/vs/workbench/services/extensions/node/extensionHostProcess.js:44:113)
	at t.Reader.onLengthData (/snap/vscode/77/usr/share/code/resources/app/extensions/typescript-language-features/dist/extension.js:1:182286)
	at Socket.t.Reader.constructor.e.on.e (/snap/vscode/77/usr/share/code/resources/app/extensions/typescript-language-features/dist/extension.js:1:181934)
	at Socket.emit (events.js:182:13)
	at addChunk (_stream_readable.js:279:12)
	at readableAddChunk (_stream_readable.js:264:11)
	at Socket.Readable.push (_stream_readable.js:219:10)
	at Pipe.onread (net.js:636:20)
[2019-02-09 14:46:28.202] [renderer1] [error] TypeScript Server Error (3.3.1)
Error processing request. Cannot read property 'emitNode' of undefined
TypeError: Cannot read property 'emitNode' of undefined
    at Object.getStartsOnNewLine (tsserver.js:62171:29)
    at shouldWriteSeparatingLineTerminator (tsserver.js:84959:27)
    at emitNodeList (tsserver.js:84745:29)
    at emitList (tsserver.js:84644:13)
    at Object.writeList (tsserver.js:82316:13)
    at tsserver.js:104760:29
    at Object.mapToDisplayParts (tsserver.js:94770:13)
    at itemInfoForParameters (tsserver.js:104757:41)
    at getSignatureHelpItem (tsserver.js:104723:95)
    at tsserver.js:104696:79
    at Array.map (<anonymous>)
    at createSignatureHelpItems (tsserver.js:104696:36)
    at tsserver.js:104368:120
    at Object.runWithCancellationToken (tsserver.js:31173:28)
    at tsserver.js:104368:44
    at Object.firstDefined (tsserver.js:238:26)
    at tsserver.js:104364:27
    at Object.firstDefined (tsserver.js:238:26)
    at createJSSignatureHelpItems (tsserver.js:104363:56)
    at Object.getSignatureHelpItems (tsserver.js:104297:56)
    at Object.getSignatureHelpItems (tsserver.js:118630:37)
    at IOSession.Session.getSignatureHelpItems (tsserver.js:126686:62)
    at Session.handlers.ts.createMapFromTemplate._a.(anonymous function) (tsserver.js:125640:61)
    at tsserver.js:127107:88
    at IOSession.Session.executeWithRequestId (tsserver.js:127098:28)
    at IOSession.Session.executeCommand (tsserver.js:127107:33)
    at IOSession.Session.onMessage (tsserver.js:127129:35)
    at Interface.<anonymous> (tsserver.js:128390:27)
    at Interface.emit (events.js:182:13)
    at Interface._onLine (readline.js:290:10)
    at Interface._normalWrite (readline.js:433:12)
    at Socket.ondata (readline.js:149:10)
    at Socket.emit (events.js:182:13)
    at addChunk (_stream_readable.js:279:12)
    at readableAddChunk (_stream_readable.js:264:11)
    at Socket.Readable.push (_stream_readable.js:219:10)
    at Pipe.onread (net.js:636:20): Error: TypeScript Server Error (3.3.1)
Error processing request. Cannot read property 'emitNode' of undefined
TypeError: Cannot read property 'emitNode' of undefined
    at Object.getStartsOnNewLine (tsserver.js:62171:29)
    at shouldWriteSeparatingLineTerminator (tsserver.js:84959:27)
    at emitNodeList (tsserver.js:84745:29)
    at emitList (tsserver.js:84644:13)
    at Object.writeList (tsserver.js:82316:13)
    at tsserver.js:104760:29
    at Object.mapToDisplayParts (tsserver.js:94770:13)
    at itemInfoForParameters (tsserver.js:104757:41)
    at getSignatureHelpItem (tsserver.js:104723:95)
    at tsserver.js:104696:79
    at Array.map (<anonymous>)
    at createSignatureHelpItems (tsserver.js:104696:36)
    at tsserver.js:104368:120
    at Object.runWithCancellationToken (tsserver.js:31173:28)
    at tsserver.js:104368:44
    at Object.firstDefined (tsserver.js:238:26)
    at tsserver.js:104364:27
    at Object.firstDefined (tsserver.js:238:26)
    at createJSSignatureHelpItems (tsserver.js:104363:56)
    at Object.getSignatureHelpItems (tsserver.js:104297:56)
    at Object.getSignatureHelpItems (tsserver.js:118630:37)
    at IOSession.Session.getSignatureHelpItems (tsserver.js:126686:62)
    at Session.handlers.ts.createMapFromTemplate._a.(anonymous function) (tsserver.js:125640:61)
    at tsserver.js:127107:88
    at IOSession.Session.executeWithRequestId (tsserver.js:127098:28)
    at IOSession.Session.executeCommand (tsserver.js:127107:33)
    at IOSession.Session.onMessage (tsserver.js:127129:35)
    at Interface.<anonymous> (tsserver.js:128390:27)
    at Interface.emit (events.js:182:13)
    at Interface._onLine (readline.js:290:10)
    at Interface._normalWrite (readline.js:433:12)
    at Socket.ondata (readline.js:149:10)
    at Socket.emit (events.js:182:13)
    at addChunk (_stream_readable.js:279:12)
    at readableAddChunk (_stream_readable.js:264:11)
    at Socket.Readable.push (_stream_readable.js:219:10)
    at Pipe.onread (net.js:636:20)
	at v.dispatchResponse (/snap/vscode/77/usr/share/code/resources/app/extensions/typescript-language-features/dist/extension.js:1:178103)
	at v.dispatchMessage (/snap/vscode/77/usr/share/code/resources/app/extensions/typescript-language-features/dist/extension.js:1:176857)
	at constructor._reader.onData.e (/snap/vscode/77/usr/share/code/resources/app/extensions/typescript-language-features/dist/extension.js:1:176213)
	at e.fire (/snap/vscode/77/usr/share/code/resources/app/out/vs/workbench/services/extensions/node/extensionHostProcess.js:44:113)
	at t.Reader.onLengthData (/snap/vscode/77/usr/share/code/resources/app/extensions/typescript-language-features/dist/extension.js:1:182286)
	at Socket.t.Reader.constructor.e.on.e (/snap/vscode/77/usr/share/code/resources/app/extensions/typescript-language-features/dist/extension.js:1:181934)
	at Socket.emit (events.js:182:13)
	at addChunk (_stream_readable.js:279:12)
	at readableAddChunk (_stream_readable.js:264:11)
	at Socket.Readable.push (_stream_readable.js:219:10)
	at Pipe.onread (net.js:636:20)
[2019-02-09 14:49:51.307] [renderer1] [error] TypeScript Server Error (3.3.1)
Error processing request. Debug Failure.
Error: Debug Failure.
    at Object.assertDefined (tsserver.js:1494:24)
    at containsPrecedingToken (tsserver.js:104374:43)
    at isSyntacticOwner (tsserver.js:104351:28)
    at getCandidateOrTypeInfo (tsserver.js:104315:52)
    at Object.getSignatureHelpItems (tsserver.js:104292:33)
    at Object.getSignatureHelpItems (tsserver.js:118630:37)
    at IOSession.Session.getSignatureHelpItems (tsserver.js:126686:62)
    at Session.handlers.ts.createMapFromTemplate._a.(anonymous function) (tsserver.js:125640:61)
    at tsserver.js:127107:88
    at IOSession.Session.executeWithRequestId (tsserver.js:127098:28)
    at IOSession.Session.executeCommand (tsserver.js:127107:33)
    at IOSession.Session.onMessage (tsserver.js:127129:35)
    at Interface.<anonymous> (tsserver.js:128390:27)
    at Interface.emit (events.js:182:13)
    at Interface._onLine (readline.js:290:10)
    at Interface._normalWrite (readline.js:433:12)
    at Socket.ondata (readline.js:149:10)
    at Socket.emit (events.js:182:13)
    at addChunk (_stream_readable.js:279:12)
    at readableAddChunk (_stream_readable.js:264:11)
    at Socket.Readable.push (_stream_readable.js:219:10)
    at Pipe.onread (net.js:636:20): Error: TypeScript Server Error (3.3.1)
Error processing request. Debug Failure.
Error: Debug Failure.
    at Object.assertDefined (tsserver.js:1494:24)
    at containsPrecedingToken (tsserver.js:104374:43)
    at isSyntacticOwner (tsserver.js:104351:28)
    at getCandidateOrTypeInfo (tsserver.js:104315:52)
    at Object.getSignatureHelpItems (tsserver.js:104292:33)
    at Object.getSignatureHelpItems (tsserver.js:118630:37)
    at IOSession.Session.getSignatureHelpItems (tsserver.js:126686:62)
    at Session.handlers.ts.createMapFromTemplate._a.(anonymous function) (tsserver.js:125640:61)
    at tsserver.js:127107:88
    at IOSession.Session.executeWithRequestId (tsserver.js:127098:28)
    at IOSession.Session.executeCommand (tsserver.js:127107:33)
    at IOSession.Session.onMessage (tsserver.js:127129:35)
    at Interface.<anonymous> (tsserver.js:128390:27)
    at Interface.emit (events.js:182:13)
    at Interface._onLine (readline.js:290:10)
    at Interface._normalWrite (readline.js:433:12)
    at Socket.ondata (readline.js:149:10)
    at Socket.emit (events.js:182:13)
    at addChunk (_stream_readable.js:279:12)
    at readableAddChunk (_stream_readable.js:264:11)
    at Socket.Readable.push (_stream_readable.js:219:10)
    at Pipe.onread (net.js:636:20)
	at v.dispatchResponse (/snap/vscode/77/usr/share/code/resources/app/extensions/typescript-language-features/dist/extension.js:1:178103)
	at v.dispatchMessage (/snap/vscode/77/usr/share/code/resources/app/extensions/typescript-language-features/dist/extension.js:1:176857)
	at constructor._reader.onData.e (/snap/vscode/77/usr/share/code/resources/app/extensions/typescript-language-features/dist/extension.js:1:176213)
	at e.fire (/snap/vscode/77/usr/share/code/resources/app/out/vs/workbench/services/extensions/node/extensionHostProcess.js:44:113)
	at t.Reader.onLengthData (/snap/vscode/77/usr/share/code/resources/app/extensions/typescript-language-features/dist/extension.js:1:182286)
	at Socket.t.Reader.constructor.e.on.e (/snap/vscode/77/usr/share/code/resources/app/extensions/typescript-language-features/dist/extension.js:1:181934)
	at Socket.emit (events.js:182:13)
	at addChunk (_stream_readable.js:279:12)
	at readableAddChunk (_stream_readable.js:264:11)
	at Socket.Readable.push (_stream_readable.js:219:10)
	at Pipe.onread (net.js:636:20)
[2019-02-09 14:50:09.408] [renderer1] [error] TypeScript Server Error (3.3.1)
Error processing request. Cannot read property 'emitNode' of undefined
TypeError: Cannot read property 'emitNode' of undefined
    at Object.getStartsOnNewLine (tsserver.js:62171:29)
    at shouldWriteSeparatingLineTerminator (tsserver.js:84959:27)
    at emitNodeList (tsserver.js:84745:29)
    at emitList (tsserver.js:84644:13)
    at Object.writeList (tsserver.js:82316:13)
    at tsserver.js:104760:29
    at Object.mapToDisplayParts (tsserver.js:94770:13)
    at itemInfoForParameters (tsserver.js:104757:41)
    at getSignatureHelpItem (tsserver.js:104723:95)
    at tsserver.js:104696:79
    at Array.map (<anonymous>)
    at createSignatureHelpItems (tsserver.js:104696:36)
    at tsserver.js:104301:23
    at Object.runWithCancellationToken (tsserver.js:31173:28)
    at Object.getSignatureHelpItems (tsserver.js:104299:32)
    at Object.getSignatureHelpItems (tsserver.js:118630:37)
    at IOSession.Session.getSignatureHelpItems (tsserver.js:126686:62)
    at Session.handlers.ts.createMapFromTemplate._a.(anonymous function) (tsserver.js:125640:61)
    at tsserver.js:127107:88
    at IOSession.Session.executeWithRequestId (tsserver.js:127098:28)
    at IOSession.Session.executeCommand (tsserver.js:127107:33)
    at IOSession.Session.onMessage (tsserver.js:127129:35)
    at Interface.<anonymous> (tsserver.js:128390:27)
    at Interface.emit (events.js:182:13)
    at Interface._onLine (readline.js:290:10)
    at Interface._normalWrite (readline.js:433:12)
    at Socket.ondata (readline.js:149:10)
    at Socket.emit (events.js:182:13)
    at addChunk (_stream_readable.js:279:12)
    at readableAddChunk (_stream_readable.js:264:11)
    at Socket.Readable.push (_stream_readable.js:219:10)
    at Pipe.onread (net.js:636:20): Error: TypeScript Server Error (3.3.1)
Error processing request. Cannot read property 'emitNode' of undefined
TypeError: Cannot read property 'emitNode' of undefined
    at Object.getStartsOnNewLine (tsserver.js:62171:29)
    at shouldWriteSeparatingLineTerminator (tsserver.js:84959:27)
    at emitNodeList (tsserver.js:84745:29)
    at emitList (tsserver.js:84644:13)
    at Object.writeList (tsserver.js:82316:13)
    at tsserver.js:104760:29
    at Object.mapToDisplayParts (tsserver.js:94770:13)
    at itemInfoForParameters (tsserver.js:104757:41)
    at getSignatureHelpItem (tsserver.js:104723:95)
    at tsserver.js:104696:79
    at Array.map (<anonymous>)
    at createSignatureHelpItems (tsserver.js:104696:36)
    at tsserver.js:104301:23
    at Object.runWithCancellationToken (tsserver.js:31173:28)
    at Object.getSignatureHelpItems (tsserver.js:104299:32)
    at Object.getSignatureHelpItems (tsserver.js:118630:37)
    at IOSession.Session.getSignatureHelpItems (tsserver.js:126686:62)
    at Session.handlers.ts.createMapFromTemplate._a.(anonymous function) (tsserver.js:125640:61)
    at tsserver.js:127107:88
    at IOSession.Session.executeWithRequestId (tsserver.js:127098:28)
    at IOSession.Session.executeCommand (tsserver.js:127107:33)
    at IOSession.Session.onMessage (tsserver.js:127129:35)
    at Interface.<anonymous> (tsserver.js:128390:27)
    at Interface.emit (events.js:182:13)
    at Interface._onLine (readline.js:290:10)
    at Interface._normalWrite (readline.js:433:12)
    at Socket.ondata (readline.js:149:10)
    at Socket.emit (events.js:182:13)
    at addChunk (_stream_readable.js:279:12)
    at readableAddChunk (_stream_readable.js:264:11)
    at Socket.Readable.push (_stream_readable.js:219:10)
    at Pipe.onread (net.js:636:20)
	at v.dispatchResponse (/snap/vscode/77/usr/share/code/resources/app/extensions/typescript-language-features/dist/extension.js:1:178103)
	at v.dispatchMessage (/snap/vscode/77/usr/share/code/resources/app/extensions/typescript-language-features/dist/extension.js:1:176857)
	at constructor._reader.onData.e (/snap/vscode/77/usr/share/code/resources/app/extensions/typescript-language-features/dist/extension.js:1:176213)
	at e.fire (/snap/vscode/77/usr/share/code/resources/app/out/vs/workbench/services/extensions/node/extensionHostProcess.js:44:113)
	at t.Reader.onLengthData (/snap/vscode/77/usr/share/code/resources/app/extensions/typescript-language-features/dist/extension.js:1:182286)
	at Socket.t.Reader.constructor.e.on.e (/snap/vscode/77/usr/share/code/resources/app/extensions/typescript-language-features/dist/extension.js:1:181934)
	at Socket.emit (events.js:182:13)
	at addChunk (_stream_readable.js:279:12)
	at readableAddChunk (_stream_readable.js:264:11)
	at Socket.Readable.push (_stream_readable.js:219:10)
	at Pipe.onread (net.js:636:20)
