[2019-02-09 14:06:27.096] [exthost] [info] extension host started
[2019-02-09 14:06:27.144] [exthost] [info] ExtensionService#_doActivateExtension vscode.debug-auto-launch {"startup":true,"activationEvent":"*"}
[2019-02-09 14:06:27.145] [exthost] [info] ExtensionService#loadCommonJSModule /snap/vscode/77/usr/share/code/resources/app/extensions/debug-auto-launch/dist/extension
[2019-02-09 14:06:27.149] [exthost] [info] ExtensionService#_doActivateExtension vscode.emmet {"startup":true,"activationEvent":"*"}
[2019-02-09 14:06:27.149] [exthost] [info] ExtensionService#loadCommonJSModule /snap/vscode/77/usr/share/code/resources/app/extensions/emmet/dist/extension
[2019-02-09 14:06:27.185] [exthost] [info] ExtensionService#_doActivateExtension vscode.git {"startup":true,"activationEvent":"*"}
[2019-02-09 14:06:27.185] [exthost] [info] ExtensionService#loadCommonJSModule /snap/vscode/77/usr/share/code/resources/app/extensions/git/dist/main
[2019-02-09 14:06:27.432] [exthost] [info] ExtensionService#_doActivateExtension vscode.merge-conflict {"startup":true,"activationEvent":"*"}
[2019-02-09 14:06:27.432] [exthost] [info] ExtensionService#loadCommonJSModule /snap/vscode/77/usr/share/code/resources/app/extensions/merge-conflict/dist/extension
[2019-02-09 14:06:27.439] [exthost] [info] ExtensionService#_doActivateExtension dbaeumer.vscode-eslint {"startup":true,"activationEvent":"*"}
[2019-02-09 14:06:27.439] [exthost] [info] ExtensionService#loadCommonJSModule /home/abrar/.vscode/extensions/dbaeumer.vscode-eslint-1.8.0/client/out/extension
[2019-02-09 14:06:27.912] [exthost] [info] eager extensions activated
[2019-02-09 14:07:43.555] [exthost] [info] ExtensionService#_doActivateExtension vscode.typescript-language-features {"startup":false,"activationEvent":"onLanguage:javascript"}
[2019-02-09 14:07:43.555] [exthost] [info] ExtensionService#loadCommonJSModule /snap/vscode/77/usr/share/code/resources/app/extensions/typescript-language-features/dist/extension
[2019-02-09 14:07:55.984] [exthost] [error] [vscode.typescript-language-features] provider FAILED
[2019-02-09 14:07:55.985] [exthost] [error] {"label":"Acquiring typings...","detail":"Acquiring typings definitions for IntelliSense."}
[2019-02-09 14:09:33.030] [exthost] [info] ExtensionService#_doActivateExtension vscode.extension-editing {"startup":false,"activationEvent":"onLanguage:typescript"}
[2019-02-09 14:09:33.030] [exthost] [info] ExtensionService#loadCommonJSModule /snap/vscode/77/usr/share/code/resources/app/extensions/extension-editing/dist/extension
[2019-02-09 14:10:33.061] [exthost] [info] ExtensionService#_doActivateExtension vscode.css-language-features {"startup":false,"activationEvent":"onLanguage:css"}
[2019-02-09 14:10:33.061] [exthost] [info] ExtensionService#loadCommonJSModule /snap/vscode/77/usr/share/code/resources/app/extensions/css-language-features/client/dist/cssMain
[2019-02-09 14:11:38.706] [exthost] [info] ExtensionService#_doActivateExtension vscode.html-language-features {"startup":false,"activationEvent":"onLanguage:html"}
[2019-02-09 14:11:38.706] [exthost] [info] ExtensionService#loadCommonJSModule /snap/vscode/77/usr/share/code/resources/app/extensions/html-language-features/client/dist/htmlMain
[2019-02-09 14:46:09.742] [exthost] [error] [vscode.typescript-language-features] provider FAILED
[2019-02-09 14:46:09.744] [exthost] [error] Error: TypeScript Server Error (3.3.1)
Error processing request. Cannot read property 'emitNode' of undefined
TypeError: Cannot read property 'emitNode' of undefined
    at Object.getStartsOnNewLine (tsserver.js:62171:29)
    at shouldWriteSeparatingLineTerminator (tsserver.js:84959:27)
    at emitNodeList (tsserver.js:84745:29)
    at emitList (tsserver.js:84644:13)
    at Object.writeList (tsserver.js:82316:13)
    at tsserver.js:104760:29
    at Object.mapToDisplayParts (tsserver.js:94770:13)
    at itemInfoForParameters (tsserver.js:104757:41)
    at getSignatureHelpItem (tsserver.js:104723:95)
    at tsserver.js:104696:79
    at Array.map (<anonymous>)
    at createSignatureHelpItems (tsserver.js:104696:36)
    at tsserver.js:104301:23
    at Object.runWithCancellationToken (tsserver.js:31173:28)
    at Object.getSignatureHelpItems (tsserver.js:104299:32)
    at Object.getSignatureHelpItems (tsserver.js:118630:37)
    at IOSession.Session.getSignatureHelpItems (tsserver.js:126686:62)
    at Session.handlers.ts.createMapFromTemplate._a.(anonymous function) (tsserver.js:125640:61)
    at tsserver.js:127107:88
    at IOSession.Session.executeWithRequestId (tsserver.js:127098:28)
    at IOSession.Session.executeCommand (tsserver.js:127107:33)
    at IOSession.Session.onMessage (tsserver.js:127129:35)
    at Interface.<anonymous> (tsserver.js:128390:27)
    at Interface.emit (events.js:182:13)
    at Interface._onLine (readline.js:290:10)
    at Interface._normalWrite (readline.js:433:12)
    at Socket.ondata (readline.js:149:10)
    at Socket.emit (events.js:182:13)
    at addChunk (_stream_readable.js:279:12)
    at readableAddChunk (_stream_readable.js:264:11)
    at Socket.Readable.push (_stream_readable.js:219:10)
    at Pipe.onread (net.js:636:20)
	at v.dispatchResponse (/snap/vscode/77/usr/share/code/resources/app/extensions/typescript-language-features/dist/extension.js:1:178103)
	at v.dispatchMessage (/snap/vscode/77/usr/share/code/resources/app/extensions/typescript-language-features/dist/extension.js:1:176857)
	at constructor._reader.onData.e (/snap/vscode/77/usr/share/code/resources/app/extensions/typescript-language-features/dist/extension.js:1:176213)
	at e.fire (/snap/vscode/77/usr/share/code/resources/app/out/vs/workbench/services/extensions/node/extensionHostProcess.js:44:113)
	at t.Reader.onLengthData (/snap/vscode/77/usr/share/code/resources/app/extensions/typescript-language-features/dist/extension.js:1:182286)
	at Socket.t.Reader.constructor.e.on.e (/snap/vscode/77/usr/share/code/resources/app/extensions/typescript-language-features/dist/extension.js:1:181934)
	at Socket.emit (events.js:182:13)
	at addChunk (_stream_readable.js:279:12)
	at readableAddChunk (_stream_readable.js:264:11)
	at Socket.Readable.push (_stream_readable.js:219:10)
	at Pipe.onread (net.js:636:20)
[2019-02-09 14:46:28.201] [exthost] [error] [vscode.typescript-language-features] provider FAILED
[2019-02-09 14:46:28.201] [exthost] [error] Error: TypeScript Server Error (3.3.1)
Error processing request. Cannot read property 'emitNode' of undefined
TypeError: Cannot read property 'emitNode' of undefined
    at Object.getStartsOnNewLine (tsserver.js:62171:29)
    at shouldWriteSeparatingLineTerminator (tsserver.js:84959:27)
    at emitNodeList (tsserver.js:84745:29)
    at emitList (tsserver.js:84644:13)
    at Object.writeList (tsserver.js:82316:13)
    at tsserver.js:104760:29
    at Object.mapToDisplayParts (tsserver.js:94770:13)
    at itemInfoForParameters (tsserver.js:104757:41)
    at getSignatureHelpItem (tsserver.js:104723:95)
    at tsserver.js:104696:79
    at Array.map (<anonymous>)
    at createSignatureHelpItems (tsserver.js:104696:36)
    at tsserver.js:104368:120
    at Object.runWithCancellationToken (tsserver.js:31173:28)
    at tsserver.js:104368:44
    at Object.firstDefined (tsserver.js:238:26)
    at tsserver.js:104364:27
    at Object.firstDefined (tsserver.js:238:26)
    at createJSSignatureHelpItems (tsserver.js:104363:56)
    at Object.getSignatureHelpItems (tsserver.js:104297:56)
    at Object.getSignatureHelpItems (tsserver.js:118630:37)
    at IOSession.Session.getSignatureHelpItems (tsserver.js:126686:62)
    at Session.handlers.ts.createMapFromTemplate._a.(anonymous function) (tsserver.js:125640:61)
    at tsserver.js:127107:88
    at IOSession.Session.executeWithRequestId (tsserver.js:127098:28)
    at IOSession.Session.executeCommand (tsserver.js:127107:33)
    at IOSession.Session.onMessage (tsserver.js:127129:35)
    at Interface.<anonymous> (tsserver.js:128390:27)
    at Interface.emit (events.js:182:13)
    at Interface._onLine (readline.js:290:10)
    at Interface._normalWrite (readline.js:433:12)
    at Socket.ondata (readline.js:149:10)
    at Socket.emit (events.js:182:13)
    at addChunk (_stream_readable.js:279:12)
    at readableAddChunk (_stream_readable.js:264:11)
    at Socket.Readable.push (_stream_readable.js:219:10)
    at Pipe.onread (net.js:636:20)
	at v.dispatchResponse (/snap/vscode/77/usr/share/code/resources/app/extensions/typescript-language-features/dist/extension.js:1:178103)
	at v.dispatchMessage (/snap/vscode/77/usr/share/code/resources/app/extensions/typescript-language-features/dist/extension.js:1:176857)
	at constructor._reader.onData.e (/snap/vscode/77/usr/share/code/resources/app/extensions/typescript-language-features/dist/extension.js:1:176213)
	at e.fire (/snap/vscode/77/usr/share/code/resources/app/out/vs/workbench/services/extensions/node/extensionHostProcess.js:44:113)
	at t.Reader.onLengthData (/snap/vscode/77/usr/share/code/resources/app/extensions/typescript-language-features/dist/extension.js:1:182286)
	at Socket.t.Reader.constructor.e.on.e (/snap/vscode/77/usr/share/code/resources/app/extensions/typescript-language-features/dist/extension.js:1:181934)
	at Socket.emit (events.js:182:13)
	at addChunk (_stream_readable.js:279:12)
	at readableAddChunk (_stream_readable.js:264:11)
	at Socket.Readable.push (_stream_readable.js:219:10)
	at Pipe.onread (net.js:636:20)
[2019-02-09 14:49:51.271] [exthost] [error] [vscode.typescript-language-features] provider FAILED
[2019-02-09 14:49:51.271] [exthost] [error] Error: TypeScript Server Error (3.3.1)
Error processing request. Debug Failure.
Error: Debug Failure.
    at Object.assertDefined (tsserver.js:1494:24)
    at containsPrecedingToken (tsserver.js:104374:43)
    at isSyntacticOwner (tsserver.js:104351:28)
    at getCandidateOrTypeInfo (tsserver.js:104315:52)
    at Object.getSignatureHelpItems (tsserver.js:104292:33)
    at Object.getSignatureHelpItems (tsserver.js:118630:37)
    at IOSession.Session.getSignatureHelpItems (tsserver.js:126686:62)
    at Session.handlers.ts.createMapFromTemplate._a.(anonymous function) (tsserver.js:125640:61)
    at tsserver.js:127107:88
    at IOSession.Session.executeWithRequestId (tsserver.js:127098:28)
    at IOSession.Session.executeCommand (tsserver.js:127107:33)
    at IOSession.Session.onMessage (tsserver.js:127129:35)
    at Interface.<anonymous> (tsserver.js:128390:27)
    at Interface.emit (events.js:182:13)
    at Interface._onLine (readline.js:290:10)
    at Interface._normalWrite (readline.js:433:12)
    at Socket.ondata (readline.js:149:10)
    at Socket.emit (events.js:182:13)
    at addChunk (_stream_readable.js:279:12)
    at readableAddChunk (_stream_readable.js:264:11)
    at Socket.Readable.push (_stream_readable.js:219:10)
    at Pipe.onread (net.js:636:20)
	at v.dispatchResponse (/snap/vscode/77/usr/share/code/resources/app/extensions/typescript-language-features/dist/extension.js:1:178103)
	at v.dispatchMessage (/snap/vscode/77/usr/share/code/resources/app/extensions/typescript-language-features/dist/extension.js:1:176857)
	at constructor._reader.onData.e (/snap/vscode/77/usr/share/code/resources/app/extensions/typescript-language-features/dist/extension.js:1:176213)
	at e.fire (/snap/vscode/77/usr/share/code/resources/app/out/vs/workbench/services/extensions/node/extensionHostProcess.js:44:113)
	at t.Reader.onLengthData (/snap/vscode/77/usr/share/code/resources/app/extensions/typescript-language-features/dist/extension.js:1:182286)
	at Socket.t.Reader.constructor.e.on.e (/snap/vscode/77/usr/share/code/resources/app/extensions/typescript-language-features/dist/extension.js:1:181934)
	at Socket.emit (events.js:182:13)
	at addChunk (_stream_readable.js:279:12)
	at readableAddChunk (_stream_readable.js:264:11)
	at Socket.Readable.push (_stream_readable.js:219:10)
	at Pipe.onread (net.js:636:20)
[2019-02-09 14:50:09.408] [exthost] [error] [vscode.typescript-language-features] provider FAILED
[2019-02-09 14:50:09.408] [exthost] [error] Error: TypeScript Server Error (3.3.1)
Error processing request. Cannot read property 'emitNode' of undefined
TypeError: Cannot read property 'emitNode' of undefined
    at Object.getStartsOnNewLine (tsserver.js:62171:29)
    at shouldWriteSeparatingLineTerminator (tsserver.js:84959:27)
    at emitNodeList (tsserver.js:84745:29)
    at emitList (tsserver.js:84644:13)
    at Object.writeList (tsserver.js:82316:13)
    at tsserver.js:104760:29
    at Object.mapToDisplayParts (tsserver.js:94770:13)
    at itemInfoForParameters (tsserver.js:104757:41)
    at getSignatureHelpItem (tsserver.js:104723:95)
    at tsserver.js:104696:79
    at Array.map (<anonymous>)
    at createSignatureHelpItems (tsserver.js:104696:36)
    at tsserver.js:104301:23
    at Object.runWithCancellationToken (tsserver.js:31173:28)
    at Object.getSignatureHelpItems (tsserver.js:104299:32)
    at Object.getSignatureHelpItems (tsserver.js:118630:37)
    at IOSession.Session.getSignatureHelpItems (tsserver.js:126686:62)
    at Session.handlers.ts.createMapFromTemplate._a.(anonymous function) (tsserver.js:125640:61)
    at tsserver.js:127107:88
    at IOSession.Session.executeWithRequestId (tsserver.js:127098:28)
    at IOSession.Session.executeCommand (tsserver.js:127107:33)
    at IOSession.Session.onMessage (tsserver.js:127129:35)
    at Interface.<anonymous> (tsserver.js:128390:27)
    at Interface.emit (events.js:182:13)
    at Interface._onLine (readline.js:290:10)
    at Interface._normalWrite (readline.js:433:12)
    at Socket.ondata (readline.js:149:10)
    at Socket.emit (events.js:182:13)
    at addChunk (_stream_readable.js:279:12)
    at readableAddChunk (_stream_readable.js:264:11)
    at Socket.Readable.push (_stream_readable.js:219:10)
    at Pipe.onread (net.js:636:20)
	at v.dispatchResponse (/snap/vscode/77/usr/share/code/resources/app/extensions/typescript-language-features/dist/extension.js:1:178103)
	at v.dispatchMessage (/snap/vscode/77/usr/share/code/resources/app/extensions/typescript-language-features/dist/extension.js:1:176857)
	at constructor._reader.onData.e (/snap/vscode/77/usr/share/code/resources/app/extensions/typescript-language-features/dist/extension.js:1:176213)
	at e.fire (/snap/vscode/77/usr/share/code/resources/app/out/vs/workbench/services/extensions/node/extensionHostProcess.js:44:113)
	at t.Reader.onLengthData (/snap/vscode/77/usr/share/code/resources/app/extensions/typescript-language-features/dist/extension.js:1:182286)
	at Socket.t.Reader.constructor.e.on.e (/snap/vscode/77/usr/share/code/resources/app/extensions/typescript-language-features/dist/extension.js:1:181934)
	at Socket.emit (events.js:182:13)
	at addChunk (_stream_readable.js:279:12)
	at readableAddChunk (_stream_readable.js:264:11)
	at Socket.Readable.push (_stream_readable.js:219:10)
	at Pipe.onread (net.js:636:20)
