[2019-02-08 17:29:40.208] [renderer1] [info] no standard startup: not just one text editor
[2019-02-08 18:27:05.478] [renderer1] [error] An unknown error occurred. Please consult the log for more details.
[2019-02-08 18:27:07.692] [renderer1] [error] An unknown error occurred. Please consult the log for more details.
[2019-02-08 18:27:40.564] [renderer1] [error] Inotify limit reached (ENOSPC)
[2019-02-08 18:27:54.691] [renderer1] [error] TypeScript Server Error (3.3.1)
Error processing request. Cannot read property 'parent' of undefined
TypeError: Cannot read property 'parent' of undefined
    at Object.deleteDeclaration (tsserver.js:109407:56)
    at _loop_9 (tsserver.js:109026:47)
    at ChangeTracker.finishDeleteDeclarations (tsserver.js:109033:21)
    at ChangeTracker.getChanges (tsserver.js:109053:22)
    at Function.ChangeTracker.with (tsserver.js:108598:32)
    at Object.getCodeActions (tsserver.js:113223:68)
    at tsserver.js:109583:121
    at Object.flatMap (tsserver.js:504:25)
    at Object.getFixes (tsserver.js:109583:23)
    at tsserver.js:118787:35
    at Object.flatMap (tsserver.js:504:25)
    at Object.getCodeFixesAtPosition (tsserver.js:118785:23)
    at IOSession.Session.getCodeFixes (tsserver.js:126938:64)
    at Session.handlers.ts.createMapFromTemplate._a.(anonymous function) (tsserver.js:125743:61)
    at tsserver.js:127107:88
    at IOSession.Session.executeWithRequestId (tsserver.js:127098:28)
    at IOSession.Session.executeCommand (tsserver.js:127107:33)
    at IOSession.Session.onMessage (tsserver.js:127129:35)
    at Interface.<anonymous> (tsserver.js:128390:27)
    at Interface.emit (events.js:182:13)
    at Interface._onLine (readline.js:290:10)
    at Interface._normalWrite (readline.js:433:12)
    at Socket.ondata (readline.js:149:10)
    at Socket.emit (events.js:182:13)
    at addChunk (_stream_readable.js:279:12)
    at readableAddChunk (_stream_readable.js:264:11)
    at Socket.Readable.push (_stream_readable.js:219:10)
    at Pipe.onread (net.js:636:20): Error: TypeScript Server Error (3.3.1)
Error processing request. Cannot read property 'parent' of undefined
TypeError: Cannot read property 'parent' of undefined
    at Object.deleteDeclaration (tsserver.js:109407:56)
    at _loop_9 (tsserver.js:109026:47)
    at ChangeTracker.finishDeleteDeclarations (tsserver.js:109033:21)
    at ChangeTracker.getChanges (tsserver.js:109053:22)
    at Function.ChangeTracker.with (tsserver.js:108598:32)
    at Object.getCodeActions (tsserver.js:113223:68)
    at tsserver.js:109583:121
    at Object.flatMap (tsserver.js:504:25)
    at Object.getFixes (tsserver.js:109583:23)
    at tsserver.js:118787:35
    at Object.flatMap (tsserver.js:504:25)
    at Object.getCodeFixesAtPosition (tsserver.js:118785:23)
    at IOSession.Session.getCodeFixes (tsserver.js:126938:64)
    at Session.handlers.ts.createMapFromTemplate._a.(anonymous function) (tsserver.js:125743:61)
    at tsserver.js:127107:88
    at IOSession.Session.executeWithRequestId (tsserver.js:127098:28)
    at IOSession.Session.executeCommand (tsserver.js:127107:33)
    at IOSession.Session.onMessage (tsserver.js:127129:35)
    at Interface.<anonymous> (tsserver.js:128390:27)
    at Interface.emit (events.js:182:13)
    at Interface._onLine (readline.js:290:10)
    at Interface._normalWrite (readline.js:433:12)
    at Socket.ondata (readline.js:149:10)
    at Socket.emit (events.js:182:13)
    at addChunk (_stream_readable.js:279:12)
    at readableAddChunk (_stream_readable.js:264:11)
    at Socket.Readable.push (_stream_readable.js:219:10)
    at Pipe.onread (net.js:636:20)
	at v.dispatchResponse (/snap/vscode/77/usr/share/code/resources/app/extensions/typescript-language-features/dist/extension.js:1:178103)
	at v.dispatchMessage (/snap/vscode/77/usr/share/code/resources/app/extensions/typescript-language-features/dist/extension.js:1:176857)
	at constructor._reader.onData.e (/snap/vscode/77/usr/share/code/resources/app/extensions/typescript-language-features/dist/extension.js:1:176213)
	at e.fire (/snap/vscode/77/usr/share/code/resources/app/out/vs/workbench/services/extensions/node/extensionHostProcess.js:44:113)
	at t.Reader.onLengthData (/snap/vscode/77/usr/share/code/resources/app/extensions/typescript-language-features/dist/extension.js:1:182286)
	at Socket.t.Reader.constructor.e.on.e (/snap/vscode/77/usr/share/code/resources/app/extensions/typescript-language-features/dist/extension.js:1:181934)
	at Socket.emit (events.js:182:13)
	at addChunk (_stream_readable.js:279:12)
	at readableAddChunk (_stream_readable.js:264:11)
	at Socket.Readable.push (_stream_readable.js:219:10)
	at Pipe.onread (net.js:636:20)
