[2019-02-08 17:29:39.320] [exthost] [info] extension host started
[2019-02-08 17:29:39.373] [exthost] [info] ExtensionService#_doActivateExtension vscode.debug-auto-launch {"startup":true,"activationEvent":"*"}
[2019-02-08 17:29:39.373] [exthost] [info] ExtensionService#loadCommonJSModule /snap/vscode/77/usr/share/code/resources/app/extensions/debug-auto-launch/dist/extension
[2019-02-08 17:29:39.384] [exthost] [info] ExtensionService#_doActivateExtension vscode.emmet {"startup":true,"activationEvent":"*"}
[2019-02-08 17:29:39.384] [exthost] [info] ExtensionService#loadCommonJSModule /snap/vscode/77/usr/share/code/resources/app/extensions/emmet/dist/extension
[2019-02-08 17:29:39.467] [exthost] [info] ExtensionService#_doActivateExtension vscode.git {"startup":true,"activationEvent":"*"}
[2019-02-08 17:29:39.467] [exthost] [info] ExtensionService#loadCommonJSModule /snap/vscode/77/usr/share/code/resources/app/extensions/git/dist/main
[2019-02-08 17:29:39.688] [exthost] [info] ExtensionService#_doActivateExtension vscode.merge-conflict {"startup":true,"activationEvent":"*"}
[2019-02-08 17:29:39.688] [exthost] [info] ExtensionService#loadCommonJSModule /snap/vscode/77/usr/share/code/resources/app/extensions/merge-conflict/dist/extension
[2019-02-08 17:29:39.694] [exthost] [info] ExtensionService#_doActivateExtension dbaeumer.vscode-eslint {"startup":true,"activationEvent":"*"}
[2019-02-08 17:29:39.694] [exthost] [info] ExtensionService#loadCommonJSModule /home/abrar/.vscode/extensions/dbaeumer.vscode-eslint-1.8.0/client/out/extension
[2019-02-08 17:29:39.900] [exthost] [info] eager extensions activated
[2019-02-08 18:26:52.167] [exthost] [info] ExtensionService#_doActivateExtension vscode.typescript-language-features {"startup":false,"activationEvent":"onLanguage:javascript"}
[2019-02-08 18:26:52.167] [exthost] [info] ExtensionService#loadCommonJSModule /snap/vscode/77/usr/share/code/resources/app/extensions/typescript-language-features/dist/extension
[2019-02-08 18:27:05.476] [exthost] [error] [vscode.typescript-language-features] provider FAILED
[2019-02-08 18:27:05.476] [exthost] [error] {"label":"Acquiring typings...","detail":"Acquiring typings definitions for IntelliSense."}
[2019-02-08 18:27:07.691] [exthost] [error] [vscode.typescript-language-features] provider FAILED
[2019-02-08 18:27:07.691] [exthost] [error] {"label":"Acquiring typings...","detail":"Acquiring typings definitions for IntelliSense."}
[2019-02-08 18:27:07.954] [exthost] [error] [vscode.typescript-language-features] provider FAILED
[2019-02-08 18:27:07.954] [exthost] [error] {"label":"Acquiring typings...","detail":"Acquiring typings definitions for IntelliSense."}
[2019-02-08 18:27:54.684] [exthost] [error] [vscode.typescript-language-features] provider FAILED
[2019-02-08 18:27:54.689] [exthost] [error] Error: TypeScript Server Error (3.3.1)
Error processing request. Cannot read property 'parent' of undefined
TypeError: Cannot read property 'parent' of undefined
    at Object.deleteDeclaration (tsserver.js:109407:56)
    at _loop_9 (tsserver.js:109026:47)
    at ChangeTracker.finishDeleteDeclarations (tsserver.js:109033:21)
    at ChangeTracker.getChanges (tsserver.js:109053:22)
    at Function.ChangeTracker.with (tsserver.js:108598:32)
    at Object.getCodeActions (tsserver.js:113223:68)
    at tsserver.js:109583:121
    at Object.flatMap (tsserver.js:504:25)
    at Object.getFixes (tsserver.js:109583:23)
    at tsserver.js:118787:35
    at Object.flatMap (tsserver.js:504:25)
    at Object.getCodeFixesAtPosition (tsserver.js:118785:23)
    at IOSession.Session.getCodeFixes (tsserver.js:126938:64)
    at Session.handlers.ts.createMapFromTemplate._a.(anonymous function) (tsserver.js:125743:61)
    at tsserver.js:127107:88
    at IOSession.Session.executeWithRequestId (tsserver.js:127098:28)
    at IOSession.Session.executeCommand (tsserver.js:127107:33)
    at IOSession.Session.onMessage (tsserver.js:127129:35)
    at Interface.<anonymous> (tsserver.js:128390:27)
    at Interface.emit (events.js:182:13)
    at Interface._onLine (readline.js:290:10)
    at Interface._normalWrite (readline.js:433:12)
    at Socket.ondata (readline.js:149:10)
    at Socket.emit (events.js:182:13)
    at addChunk (_stream_readable.js:279:12)
    at readableAddChunk (_stream_readable.js:264:11)
    at Socket.Readable.push (_stream_readable.js:219:10)
    at Pipe.onread (net.js:636:20)
	at v.dispatchResponse (/snap/vscode/77/usr/share/code/resources/app/extensions/typescript-language-features/dist/extension.js:1:178103)
	at v.dispatchMessage (/snap/vscode/77/usr/share/code/resources/app/extensions/typescript-language-features/dist/extension.js:1:176857)
	at constructor._reader.onData.e (/snap/vscode/77/usr/share/code/resources/app/extensions/typescript-language-features/dist/extension.js:1:176213)
	at e.fire (/snap/vscode/77/usr/share/code/resources/app/out/vs/workbench/services/extensions/node/extensionHostProcess.js:44:113)
	at t.Reader.onLengthData (/snap/vscode/77/usr/share/code/resources/app/extensions/typescript-language-features/dist/extension.js:1:182286)
	at Socket.t.Reader.constructor.e.on.e (/snap/vscode/77/usr/share/code/resources/app/extensions/typescript-language-features/dist/extension.js:1:181934)
	at Socket.emit (events.js:182:13)
	at addChunk (_stream_readable.js:279:12)
	at readableAddChunk (_stream_readable.js:264:11)
	at Socket.Readable.push (_stream_readable.js:219:10)
	at Pipe.onread (net.js:636:20)
[2019-02-08 18:31:48.069] [exthost] [info] ExtensionService#_doActivateExtension vscode.html-language-features {"startup":false,"activationEvent":"onLanguage:html"}
[2019-02-08 18:31:48.069] [exthost] [info] ExtensionService#loadCommonJSModule /snap/vscode/77/usr/share/code/resources/app/extensions/html-language-features/client/dist/htmlMain
[2019-02-08 18:39:56.517] [exthost] [info] ExtensionService#_doActivateExtension vscode.extension-editing {"startup":false,"activationEvent":"onLanguage:typescript"}
[2019-02-08 18:39:56.517] [exthost] [info] ExtensionService#loadCommonJSModule /snap/vscode/77/usr/share/code/resources/app/extensions/extension-editing/dist/extension
[2019-02-08 19:36:27.617] [exthost] [info] ExtensionService#_doActivateExtension vscode.css-language-features {"startup":false,"activationEvent":"onLanguage:css"}
[2019-02-08 19:36:27.617] [exthost] [info] ExtensionService#loadCommonJSModule /snap/vscode/77/usr/share/code/resources/app/extensions/css-language-features/client/dist/cssMain
